<?xml version="1.0" encoding="UTF-8"?>
<testng-results skipped="0" failed="0" ignored="0" total="1" passed="1">
  <reporter-output>
  </reporter-output>
  <suite name="Default suite" duration-ms="33" started-at="2019-02-05T12:23:40Z" finished-at="2019-02-05T12:23:40Z">
    <groups>
    </groups>
    <test name="Default test" duration-ms="33" started-at="2019-02-05T12:23:40Z" finished-at="2019-02-05T12:23:40Z">
      <class name="com.sarthak.TestNG.TestConsecutive">
        <test-method status="PASS" signature="testConsLetter()[pri:0, instance:com.sarthak.TestNG.TestConsecutive@4ddced80]" name="testConsLetter" duration-ms="10" started-at="2019-02-05T12:23:40Z" finished-at="2019-02-05T12:23:40Z">
          <reporter-output>
          </reporter-output>
        </test-method> <!-- testConsLetter -->
      </class> <!-- com.sarthak.TestNG.TestConsecutive -->
    </test> <!-- Default test -->
  </suite> <!-- Default suite -->
</testng-results>
